<component name="libraryTable">
  <library name="junit_junit_4.8.2_test">
    <CLASSES>
      <root url="jar:///usr/local/Cellar/play/2.0.2/libexec/repository/local/junit/junit/4.8.2/jars/junit.jar!/"></root>
    </CLASSES>
    <JAVADOC> </JAVADOC>
    <SOURCES> </SOURCES>
  </library>
</component>